#
# There is insufficient memory for the Java Runtime Environment to continue.
# Native memory allocation (malloc) failed to allocate 141616 bytes for Chunk::new
# Possible reasons:
#   The system is out of physical RAM or swap space
#   The process is running with CompressedOops enabled, and the Java Heap may be blocking the growth of the native heap
# Possible solutions:
#   Reduce memory load on the system
#   Increase physical memory or swap space
#   Check if swap backing store is full
#   Decrease Java heap size (-Xmx/-Xms)
#   Decrease number of Java threads
#   Decrease Java thread stack sizes (-Xss)
#   Set larger code cache with -XX:ReservedCodeCacheSize=
#   JVM is running with Unscaled Compressed Oops mode in which the Java heap is
#     placed in the first 4GB address space. The Java Heap base address is the
#     maximum limit for the native heap growth. Please use -XX:HeapBaseMinAddress
#     to set the Java Heap base and to place the Java Heap above 4GB virtual address.
# This output file may be truncated or incomplete.
#
#  Out of Memory Error (allocation.cpp:389), pid=11676, tid=0x00000000000041f8
#
# JRE version: Java(TM) SE Runtime Environment (8.0_241-b07) (build 1.8.0_241-b07)
# Java VM: Java HotSpot(TM) 64-Bit Server VM (25.241-b07 mixed mode windows-amd64 compressed oops)
# Failed to write core dump. Minidumps are not enabled by default on client versions of Windows
#

---------------  T H R E A D  ---------------

Current thread (0x0000000017799800):  JavaThread "C2 CompilerThread1" daemon [_thread_in_native, id=16888, stack(0x0000000018eb0000,0x0000000018fb0000)]

Stack: [0x0000000018eb0000,0x0000000018fb0000]
[error occurred during error reporting (printing stack bounds), id 0xc0000005]

Native frames: (J=compiled Java code, j=interpreted, Vv=VM code, C=native code)


Current CompileTask:
C2: 223008 6261       4       com.sun.tools.javac.file.JavacFileManager::listArchive (131 bytes)


---------------  P R O C E S S  ---------------

Java Threads: ( => current thread )
  0x0000000018fb8800 JavaThread "Service Thread" daemon [_thread_blocked, id=19172, stack(0x00000000194b0000,0x00000000195b0000)]
  0x0000000018fb3000 JavaThread "C1 CompilerThread2" daemon [_thread_blocked, id=10960, stack(0x00000000193b0000,0x00000000194b0000)]
=>0x0000000017799800 JavaThread "C2 CompilerThread1" daemon [_thread_in_native, id=16888, stack(0x0000000018eb0000,0x0000000018fb0000)]
  0x0000000017748000 JavaThread "C2 CompilerThread0" daemon [_thread_in_native, id=8404, stack(0x0000000018db0000,0x0000000018eb0000)]
  0x0000000017746000 JavaThread "Attach Listener" daemon [_thread_blocked, id=11896, stack(0x0000000018cb0000,0x0000000018db0000)]
  0x0000000017743000 JavaThread "Signal Dispatcher" daemon [_thread_blocked, id=8696, stack(0x0000000018bb0000,0x0000000018cb0000)]
  0x0000000002c0c800 JavaThread "Finalizer" daemon [_thread_blocked, id=2876, stack(0x00000000189a0000,0x0000000018aa0000)]
  0x000000001772a800 JavaThread "Reference Handler" daemon [_thread_blocked, id=7724, stack(0x00000000188a0000,0x00000000189a0000)]
  0x0000000002b12800 JavaThread "main" [_thread_in_Java, id=17568, stack(0x0000000002940000,0x0000000002a40000)]

Other Threads:
  0x0000000017708000 VMThread [stack: 0x00000000187a0000,0x00000000188a0000] [id=12100]
  0x0000000018fb9800 WatcherThread [stack: 0x0000000019710000,0x0000000019810000] [id=16528]

VM state:not at safepoint (normal execution)

VM Mutex/Monitor currently owned by a thread: None

heap address: 0x0000000081c00000, size: 2020 MB, Compressed Oops mode: 32-bit
Narrow klass base: 0x0000000000000000, Narrow klass shift: 3
Compressed class space size: 1073741824 Address: 0x0000000100000000

Heap:
 PSYoungGen      total 94208K, used 40126K [0x00000000d5f00000, 0x00000000ddb00000, 0x0000000100000000)
  eden space 76288K, 52% used [0x00000000d5f00000,0x00000000d862f930,0x00000000da980000)
  from space 17920K, 0% used [0x00000000dbc00000,0x00000000dbc00000,0x00000000dcd80000)
  to   space 18944K, 0% used [0x00000000da980000,0x00000000da980000,0x00000000dbc00000)
 ParOldGen       total 68608K, used 29151K [0x0000000081c00000, 0x0000000085f00000, 0x00000000d5f00000)
  object space 68608K, 42% used [0x0000000081c00000,0x0000000083877fc0,0x0000000085f00000)
 Metaspace       used 38303K, capacity 38902K, committed 39168K, reserved 1083392K
  class space    used 4364K, capacity 4600K, committed 4608K, reserved 1048576K

Card table byte_map: [0x0000000011fd0000,0x00000000123d0000] byte_map_base: 0x0000000011bc2000

Marking Bits: (ParMarkBitMap*) 0x00000000777fbe30
 Begin Bits: [0x0000000012a80000, 0x0000000014a10000)
 End Bits:   [0x0000000014a10000, 0x00000000169a0000)

Polling page: 0x00000000011e0000

CodeCache: size=245760Kb used=18659Kb max_used=18659Kb free=227101Kb
 bounds [0x0000000002c10000, 0x0000000003e60000, 0x0000000011c10000]
 total_blobs=5995 nmethods=5526 adapters=382
 compilation: enabled

Compilation events (10 events):
Event: 222.891 Thread 0x0000000018fb3000 6359       3       org.eclipse.persistence.internal.sessions.AbstractSession::hasBroker (11 bytes)
Event: 222.891 Thread 0x0000000018fb3000 nmethod 6359 0x0000000003e5cb50 code [0x0000000003e5cca0, 0x0000000003e5ce50]
Event: 222.891 Thread 0x0000000018fb3000 6361       3       com.sun.org.apache.xerces.internal.xni.QName::clear (21 bytes)
Event: 222.891 Thread 0x0000000018fb3000 nmethod 6361 0x0000000003e5ced0 code [0x0000000003e5d020, 0x0000000003e5d1d0]
Event: 222.892 Thread 0x0000000018fb3000 6362       3       com.sun.org.apache.xerces.internal.xni.QName::<init> (9 bytes)
Event: 222.892 Thread 0x0000000018fb3000 nmethod 6362 0x0000000003e5d250 code [0x0000000003e5d3c0, 0x0000000003e5d630]
Event: 222.892 Thread 0x0000000018fb3000 6358       1       org.eclipse.persistence.mappings.foundation.AbstractCompositeDirectCollectionMapping::getField (5 bytes)
Event: 222.892 Thread 0x0000000018fb3000 nmethod 6358 0x0000000003e5d710 code [0x0000000003e5d860, 0x0000000003e5d970]
Event: 222.892 Thread 0x0000000018fb3000 6357       1       org.eclipse.persistence.internal.sessions.AbstractSession::getName (5 bytes)
Event: 222.893 Thread 0x0000000018fb3000 nmethod 6357 0x0000000003e5d9d0 code [0x0000000003e5db20, 0x0000000003e5dc30]

GC Heap History (10 events):
Event: 205.842 GC heap before
{Heap before GC invocations=14 (full 1):
 PSYoungGen      total 73728K, used 70820K [0x00000000d5f00000, 0x00000000db200000, 0x0000000100000000)
  eden space 65536K, 100% used [0x00000000d5f00000,0x00000000d9f00000,0x00000000d9f00000)
  from space 8192K, 64% used [0x00000000daa00000,0x00000000daf29180,0x00000000db200000)
  to   space 9728K, 0% used [0x00000000d9f00000,0x00000000d9f00000,0x00000000da880000)
 ParOldGen       total 68608K, used 10356K [0x0000000081c00000, 0x0000000085f00000, 0x00000000d5f00000)
  object space 68608K, 15% used [0x0000000081c00000,0x000000008261d108,0x0000000085f00000)
 Metaspace       used 23714K, capacity 24234K, committed 24448K, reserved 1071104K
  class space    used 2694K, capacity 2884K, committed 2944K, reserved 1048576K
Event: 205.882 GC heap after
Heap after GC invocations=14 (full 1):
 PSYoungGen      total 71680K, used 7484K [0x00000000d5f00000, 0x00000000db180000, 0x0000000100000000)
  eden space 64000K, 0% used [0x00000000d5f00000,0x00000000d5f00000,0x00000000d9d80000)
  from space 7680K, 97% used [0x00000000d9f00000,0x00000000da64f1f0,0x00000000da680000)
  to   space 10240K, 0% used [0x00000000da780000,0x00000000da780000,0x00000000db180000)
 ParOldGen       total 68608K, used 10364K [0x0000000081c00000, 0x0000000085f00000, 0x00000000d5f00000)
  object space 68608K, 15% used [0x0000000081c00000,0x000000008261f108,0x0000000085f00000)
 Metaspace       used 23714K, capacity 24234K, committed 24448K, reserved 1071104K
  class space    used 2694K, capacity 2884K, committed 2944K, reserved 1048576K
}
Event: 217.619 GC heap before
{Heap before GC invocations=15 (full 1):
 PSYoungGen      total 71680K, used 71484K [0x00000000d5f00000, 0x00000000db180000, 0x0000000100000000)
  eden space 64000K, 100% used [0x00000000d5f00000,0x00000000d9d80000,0x00000000d9d80000)
  from space 7680K, 97% used [0x00000000d9f00000,0x00000000da64f1f0,0x00000000da680000)
  to   space 10240K, 0% used [0x00000000da780000,0x00000000da780000,0x00000000db180000)
 ParOldGen       total 68608K, used 10364K [0x0000000081c00000, 0x0000000085f00000, 0x00000000d5f00000)
  object space 68608K, 15% used [0x0000000081c00000,0x000000008261f108,0x0000000085f00000)
 Metaspace       used 27662K, capacity 28174K, committed 28288K, reserved 1075200K
  class space    used 3221K, capacity 3412K, committed 3456K, reserved 1048576K
Event: 217.654 GC heap after
Heap after GC invocations=15 (full 1):
 PSYoungGen      total 72704K, used 10235K [0x00000000d5f00000, 0x00000000db300000, 0x0000000100000000)
  eden space 62464K, 0% used [0x00000000d5f00000,0x00000000d5f00000,0x00000000d9c00000)
  from space 10240K, 99% used [0x00000000da780000,0x00000000db17ed88,0x00000000db180000)
  to   space 11776K, 0% used [0x00000000d9c00000,0x00000000d9c00000,0x00000000da780000)
 ParOldGen       total 68608K, used 12125K [0x0000000081c00000, 0x0000000085f00000, 0x00000000d5f00000)
  object space 68608K, 17% used [0x0000000081c00000,0x00000000827d7740,0x0000000085f00000)
 Metaspace       used 27662K, capacity 28174K, committed 28288K, reserved 1075200K
  class space    used 3221K, capacity 3412K, committed 3456K, reserved 1048576K
}
Event: 220.477 GC heap before
{Heap before GC invocations=16 (full 1):
 PSYoungGen      total 72704K, used 72699K [0x00000000d5f00000, 0x00000000db300000, 0x0000000100000000)
  eden space 62464K, 100% used [0x00000000d5f00000,0x00000000d9c00000,0x00000000d9c00000)
  from space 10240K, 99% used [0x00000000da780000,0x00000000db17ed88,0x00000000db180000)
  to   space 11776K, 0% used [0x00000000d9c00000,0x00000000d9c00000,0x00000000da780000)
 ParOldGen       total 68608K, used 12125K [0x0000000081c00000, 0x0000000085f00000, 0x00000000d5f00000)
  object space 68608K, 17% used [0x0000000081c00000,0x00000000827d7740,0x0000000085f00000)
 Metaspace       used 33229K, capacity 33750K, committed 33920K, reserved 1079296K
  class space    used 3742K, capacity 3928K, committed 3968K, reserved 1048576K
Event: 220.528 GC heap after
Heap after GC invocations=16 (full 1):
 PSYoungGen      total 74240K, used 11756K [0x00000000d5f00000, 0x00000000dcd80000, 0x0000000100000000)
  eden space 62464K, 0% used [0x00000000d5f00000,0x00000000d5f00000,0x00000000d9c00000)
  from space 11776K, 99% used [0x00000000d9c00000,0x00000000da77b110,0x00000000da780000)
  to   space 17920K, 0% used [0x00000000dbc00000,0x00000000dbc00000,0x00000000dcd80000)
 ParOldGen       total 68608K, used 24055K [0x0000000081c00000, 0x0000000085f00000, 0x00000000d5f00000)
  object space 68608K, 35% used [0x0000000081c00000,0x000000008337df10,0x0000000085f00000)
 Metaspace       used 33229K, capacity 33750K, committed 33920K, reserved 1079296K
  class space    used 3742K, capacity 3928K, committed 3968K, reserved 1048576K
}
Event: 221.007 GC heap before
{Heap before GC invocations=17 (full 1):
 PSYoungGen      total 74240K, used 23020K [0x00000000d5f00000, 0x00000000dcd80000, 0x0000000100000000)
  eden space 62464K, 18% used [0x00000000d5f00000,0x00000000d6a00210,0x00000000d9c00000)
  from space 11776K, 99% used [0x00000000d9c00000,0x00000000da77b110,0x00000000da780000)
  to   space 17920K, 0% used [0x00000000dbc00000,0x00000000dbc00000,0x00000000dcd80000)
 ParOldGen       total 68608K, used 24055K [0x0000000081c00000, 0x0000000085f00000, 0x00000000d5f00000)
  object space 68608K, 35% used [0x0000000081c00000,0x000000008337df10,0x0000000085f00000)
 Metaspace       used 34740K, capacity 35318K, committed 35456K, reserved 1081344K
  class space    used 3930K, capacity 4152K, committed 4224K, reserved 1048576K
Event: 221.041 GC heap after
Heap after GC invocations=17 (full 1):
 PSYoungGen      total 94208K, used 13413K [0x00000000d5f00000, 0x00000000ddb00000, 0x0000000100000000)
  eden space 76288K, 0% used [0x00000000d5f00000,0x00000000d5f00000,0x00000000da980000)
  from space 17920K, 74% used [0x00000000dbc00000,0x00000000dc9197c8,0x00000000dcd80000)
  to   space 18944K, 0% used [0x00000000da980000,0x00000000da980000,0x00000000dbc00000)
 ParOldGen       total 68608K, used 24055K [0x0000000081c00000, 0x0000000085f00000, 0x00000000d5f00000)
  object space 68608K, 35% used [0x0000000081c00000,0x000000008337df10,0x0000000085f00000)
 Metaspace       used 34740K, capacity 35318K, committed 35456K, reserved 1081344K
  class space    used 3930K, capacity 4152K, committed 4224K, reserved 1048576K
}
Event: 221.041 GC heap before
{Heap before GC invocations=18 (full 2):
 PSYoungGen      total 94208K, used 13413K [0x00000000d5f00000, 0x00000000ddb00000, 0x0000000100000000)
  eden space 76288K, 0% used [0x00000000d5f00000,0x00000000d5f00000,0x00000000da980000)
  from space 17920K, 74% used [0x00000000dbc00000,0x00000000dc9197c8,0x00000000dcd80000)
  to   space 18944K, 0% used [0x00000000da980000,0x00000000da980000,0x00000000dbc00000)
 ParOldGen       total 68608K, used 24055K [0x0000000081c00000, 0x0000000085f00000, 0x00000000d5f00000)
  object space 68608K, 35% used [0x0000000081c00000,0x000000008337df10,0x0000000085f00000)
 Metaspace       used 34740K, capacity 35318K, committed 35456K, reserved 1081344K
  class space    used 3930K, capacity 4152K, committed 4224K, reserved 1048576K
Event: 221.352 GC heap after
Heap after GC invocations=18 (full 2):
 PSYoungGen      total 94208K, used 0K [0x00000000d5f00000, 0x00000000ddb00000, 0x0000000100000000)
  eden space 76288K, 0% used [0x00000000d5f00000,0x00000000d5f00000,0x00000000da980000)
  from space 17920K, 0% used [0x00000000dbc00000,0x00000000dbc00000,0x00000000dcd80000)
  to   space 18944K, 0% used [0x00000000da980000,0x00000000da980000,0x00000000dbc00000)
 ParOldGen       total 68608K, used 29151K [0x0000000081c00000, 0x0000000085f00000, 0x00000000d5f00000)
  object space 68608K, 42% used [0x0000000081c00000,0x0000000083877fc0,0x0000000085f00000)
 Metaspace       used 34740K, capacity 35318K, committed 35456K, reserved 1081344K
  class space    used 3930K, capacity 4152K, committed 4224K, reserved 1048576K
}

Deoptimization events (10 events):
Event: 222.432 Thread 0x0000000002b12800 Uncommon trap: reason=unstable_if action=reinterpret pc=0x0000000003dd4f00 method=java.util.Vector.contains(Ljava/lang/Object;)Z @ 6
Event: 222.529 Thread 0x0000000002b12800 Uncommon trap: reason=class_check action=maybe_recompile pc=0x0000000003cca978 method=java.util.ComparableTimSort.countRunAndMakeAscending([Ljava/lang/Object;II)I @ 36
Event: 222.529 Thread 0x0000000002b12800 Uncommon trap: reason=class_check action=maybe_recompile pc=0x0000000003cd9874 method=java.util.ComparableTimSort.binarySort([Ljava/lang/Object;III)V @ 40
Event: 222.530 Thread 0x0000000002b12800 Uncommon trap: reason=bimorphic action=maybe_recompile pc=0x0000000003234c9c method=sun.nio.cs.StreamEncoder.writeBytes()V @ 120
Event: 222.534 Thread 0x0000000002b12800 Uncommon trap: reason=class_check action=maybe_recompile pc=0x0000000003cca978 method=java.util.ComparableTimSort.countRunAndMakeAscending([Ljava/lang/Object;II)I @ 36
Event: 222.534 Thread 0x0000000002b12800 Uncommon trap: reason=class_check action=maybe_recompile pc=0x0000000003cd9874 method=java.util.ComparableTimSort.binarySort([Ljava/lang/Object;III)V @ 40
Event: 222.534 Thread 0x0000000002b12800 Uncommon trap: reason=bimorphic action=maybe_recompile pc=0x0000000003234c9c method=sun.nio.cs.StreamEncoder.writeBytes()V @ 120
Event: 222.873 Thread 0x0000000002b12800 Uncommon trap: reason=unstable_if action=reinterpret pc=0x00000000033a1c34 method=java.io.BufferedWriter.flushBuffer()V @ 15
Event: 222.890 Thread 0x0000000002b12800 Uncommon trap: reason=unstable_if action=reinterpret pc=0x0000000003dd6c14 method=org.eclipse.persistence.internal.oxm.XPathFragment.equals(Ljava/lang/Object;Z)Z @ 111
Event: 222.890 Thread 0x0000000002b12800 Uncommon trap: reason=unstable_if action=reinterpret pc=0x0000000003dd95d0 method=org.eclipse.persistence.internal.oxm.XPathFragment.equals(Ljava/lang/Object;Z)Z @ 111

Classes redefined (0 events):
No events

Internal exceptions (10 events):
Event: 218.345 Thread 0x0000000002b12800 Exception <a 'java/io/FileNotFoundException'> (0x00000000d709b2d0) thrown at [C:\ade\jenkins\workspace\8-2-build-windows-amd64-cygwin\jdk8u241\331\hotspot\src\share\vm\prims\jni.cpp, line 710]
Event: 219.795 Thread 0x0000000002b12800 Implicit null exception at 0x0000000002f738bb to 0x0000000002f73e85
Event: 222.427 Thread 0x0000000002b12800 Exception <a 'java/io/FileNotFoundException'> (0x00000000d7a0c700) thrown at [C:\ade\jenkins\workspace\8-2-build-windows-amd64-cygwin\jdk8u241\331\hotspot\src\share\vm\prims\jni.cpp, line 710]
Event: 222.427 Thread 0x0000000002b12800 Exception <a 'java/io/FileNotFoundException'> (0x00000000d7a0d2d8) thrown at [C:\ade\jenkins\workspace\8-2-build-windows-amd64-cygwin\jdk8u241\331\hotspot\src\share\vm\prims\jni.cpp, line 710]
Event: 222.428 Thread 0x0000000002b12800 Exception <a 'java/io/FileNotFoundException'> (0x00000000d7a0e4f8) thrown at [C:\ade\jenkins\workspace\8-2-build-windows-amd64-cygwin\jdk8u241\331\hotspot\src\share\vm\prims\jni.cpp, line 710]
Event: 222.428 Thread 0x0000000002b12800 Exception <a 'java/io/FileNotFoundException'> (0x00000000d7a0f160) thrown at [C:\ade\jenkins\workspace\8-2-build-windows-amd64-cygwin\jdk8u241\331\hotspot\src\share\vm\prims\jni.cpp, line 710]
Event: 222.893 Thread 0x0000000002b12800 Exception <a 'java/io/FileNotFoundException'> (0x00000000d8519740) thrown at [C:\ade\jenkins\workspace\8-2-build-windows-amd64-cygwin\jdk8u241\331\hotspot\src\share\vm\prims\jni.cpp, line 710]
Event: 222.894 Thread 0x0000000002b12800 Exception <a 'java/io/FileNotFoundException'> (0x00000000d851a318) thrown at [C:\ade\jenkins\workspace\8-2-build-windows-amd64-cygwin\jdk8u241\331\hotspot\src\share\vm\prims\jni.cpp, line 710]
Event: 222.894 Thread 0x0000000002b12800 Exception <a 'java/io/FileNotFoundException'> (0x00000000d851b458) thrown at [C:\ade\jenkins\workspace\8-2-build-windows-amd64-cygwin\jdk8u241\331\hotspot\src\share\vm\prims\jni.cpp, line 710]
Event: 222.895 Thread 0x0000000002b12800 Exception <a 'java/io/FileNotFoundException'> (0x00000000d851c0c0) thrown at [C:\ade\jenkins\workspace\8-2-build-windows-amd64-cygwin\jdk8u241\331\hotspot\src\share\vm\prims\jni.cpp, line 710]

Events (10 events):
Event: 222.875 loading class com/sun/tools/javac/model/AnnotationProxyMaker$ValueVisitor
Event: 222.875 loading class com/sun/tools/javac/model/AnnotationProxyMaker$ValueVisitor done
Event: 222.877 loading class com/sun/tools/javac/util/Constants
Event: 222.877 loading class com/sun/tools/javac/util/Constants done
Event: 222.890 Thread 0x0000000002b12800 Uncommon trap: trap_request=0xffffff65 fr.pc=0x0000000003dd6c14
Event: 222.890 Thread 0x0000000002b12800 DEOPT PACKING pc=0x0000000003dd6c14 sp=0x0000000002a3cf70
Event: 222.890 Thread 0x0000000002b12800 DEOPT UNPACKING pc=0x0000000002c5583b sp=0x0000000002a3cea8 mode 2
Event: 222.890 Thread 0x0000000002b12800 Uncommon trap: trap_request=0xffffff65 fr.pc=0x0000000003dd95d0
Event: 222.890 Thread 0x0000000002b12800 DEOPT PACKING pc=0x0000000003dd95d0 sp=0x0000000002a3cd00
Event: 222.890 Thread 0x0000000002b12800 DEOPT UNPACKING pc=0x0000000002c5583b sp=0x0000000002a3ccb0 mode 2


Dynamic libraries:
0x00007ff6362f0000 - 0x00007ff636327000 	C:\Program Files\Java\jdk1.8.0_241\bin\java.exe
0x00007ffe817e0000 - 0x00007ffe819c1000 	C:\WINDOWS\SYSTEM32\ntdll.dll
0x00007ffe811c0000 - 0x00007ffe81271000 	C:\WINDOWS\System32\KERNEL32.DLL
0x00007ffe7de90000 - 0x00007ffe7e103000 	C:\WINDOWS\System32\KERNELBASE.dll
0x00007ffe80600000 - 0x00007ffe806a1000 	C:\WINDOWS\System32\ADVAPI32.dll
0x00007ffe7f000000 - 0x00007ffe7f09e000 	C:\WINDOWS\System32\msvcrt.dll
0x00007ffe812e0000 - 0x00007ffe8133b000 	C:\WINDOWS\System32\sechost.dll
0x00007ffe80740000 - 0x00007ffe80864000 	C:\WINDOWS\System32\RPCRT4.dll
0x00007ffe7ec60000 - 0x00007ffe7edf0000 	C:\WINDOWS\System32\USER32.dll
0x00007ffe7eb90000 - 0x00007ffe7ebb0000 	C:\WINDOWS\System32\win32u.dll
0x00007ffe80ac0000 - 0x00007ffe80ae8000 	C:\WINDOWS\System32\GDI32.dll
0x00007ffe7e970000 - 0x00007ffe7eb01000 	C:\WINDOWS\System32\gdi32full.dll
0x00007ffe7e870000 - 0x00007ffe7e90f000 	C:\WINDOWS\System32\msvcp_win.dll
0x00007ffe7dba0000 - 0x00007ffe7dc98000 	C:\WINDOWS\System32\ucrtbase.dll
0x00007ffe63500000 - 0x00007ffe63769000 	C:\WINDOWS\WinSxS\amd64_microsoft.windows.common-controls_6595b64144ccf1df_6.0.17134.1365_none_d401d10f7c8e8b9b\COMCTL32.dll
0x00007ffe81340000 - 0x00007ffe81661000 	C:\WINDOWS\System32\combase.dll
0x00007ffe7eb10000 - 0x00007ffe7eb89000 	C:\WINDOWS\System32\bcryptPrimitives.dll
0x00007ffe806b0000 - 0x00007ffe806dd000 	C:\WINDOWS\System32\IMM32.DLL
0x0000000077f20000 - 0x0000000077ff2000 	C:\Program Files\Java\jdk1.8.0_241\jre\bin\msvcr100.dll
0x0000000076fd0000 - 0x000000007787c000 	C:\Program Files\Java\jdk1.8.0_241\jre\bin\server\jvm.dll
0x00007ffe80870000 - 0x00007ffe80878000 	C:\WINDOWS\System32\PSAPI.DLL
0x00007ffe7ba90000 - 0x00007ffe7ba99000 	C:\WINDOWS\SYSTEM32\WSOCK32.dll
0x00007ffe76830000 - 0x00007ffe7683a000 	C:\WINDOWS\SYSTEM32\VERSION.dll
0x00007ffe81670000 - 0x00007ffe816dc000 	C:\WINDOWS\System32\WS2_32.dll
0x00007ffe7b900000 - 0x00007ffe7b923000 	C:\WINDOWS\SYSTEM32\WINMM.dll
0x00007ffe7b8d0000 - 0x00007ffe7b8fa000 	C:\WINDOWS\SYSTEM32\WINMMBASE.dll
0x00007ffe7e820000 - 0x00007ffe7e869000 	C:\WINDOWS\System32\cfgmgr32.dll
0x00007ffe7ba70000 - 0x00007ffe7ba7f000 	C:\Program Files\Java\jdk1.8.0_241\jre\bin\verify.dll
0x00007ffe64550000 - 0x00007ffe64579000 	C:\Program Files\Java\jdk1.8.0_241\jre\bin\java.dll
0x00007ffe666e0000 - 0x00007ffe666f6000 	C:\Program Files\Java\jdk1.8.0_241\jre\bin\zip.dll
0x00007ffe7f0c0000 - 0x00007ffe80505000 	C:\WINDOWS\System32\SHELL32.dll
0x00007ffe81110000 - 0x00007ffe811b9000 	C:\WINDOWS\System32\shcore.dll
0x00007ffe7e110000 - 0x00007ffe7e820000 	C:\WINDOWS\System32\windows.storage.dll
0x00007ffe806e0000 - 0x00007ffe80731000 	C:\WINDOWS\System32\shlwapi.dll
0x00007ffe7dae0000 - 0x00007ffe7daf1000 	C:\WINDOWS\System32\kernel.appcore.dll
0x00007ffe7db20000 - 0x00007ffe7db3f000 	C:\WINDOWS\System32\profapi.dll
0x00007ffe7db50000 - 0x00007ffe7db9c000 	C:\WINDOWS\System32\powrprof.dll
0x00007ffe7db40000 - 0x00007ffe7db4a000 	C:\WINDOWS\System32\FLTLIB.DLL
0x00007ffe62430000 - 0x00007ffe62454000 	C:\Program Files\Java\jdk1.8.0_241\jre\bin\sunec.dll
0x00007ffe63ca0000 - 0x00007ffe63cba000 	C:\Program Files\Java\jdk1.8.0_241\jre\bin\net.dll
0x00007ffe7d300000 - 0x00007ffe7d366000 	C:\WINDOWS\system32\mswsock.dll
0x00007ffe7d050000 - 0x00007ffe7d088000 	C:\WINDOWS\SYSTEM32\IPHLPAPI.DLL
0x00007ffe80af0000 - 0x00007ffe80af8000 	C:\WINDOWS\System32\NSI.dll
0x00007ffe75980000 - 0x00007ffe75996000 	C:\WINDOWS\SYSTEM32\dhcpcsvc6.DLL
0x00007ffe759c0000 - 0x00007ffe759da000 	C:\WINDOWS\SYSTEM32\dhcpcsvc.DLL
0x00007ffe630d0000 - 0x00007ffe630e2000 	C:\Program Files\Java\jdk1.8.0_241\jre\bin\nio.dll
0x00007ffe7d4b0000 - 0x00007ffe7d4c7000 	C:\WINDOWS\SYSTEM32\CRYPTSP.dll
0x00007ffe7ceb0000 - 0x00007ffe7cee3000 	C:\WINDOWS\system32\rsaenh.dll
0x00007ffe7d5e0000 - 0x00007ffe7d605000 	C:\WINDOWS\SYSTEM32\bcrypt.dll
0x00007ffe7da10000 - 0x00007ffe7da38000 	C:\WINDOWS\SYSTEM32\USERENV.dll
0x00007ffe7d4d0000 - 0x00007ffe7d4db000 	C:\WINDOWS\SYSTEM32\CRYPTBASE.dll
0x00007ffe7d090000 - 0x00007ffe7d14e000 	C:\WINDOWS\SYSTEM32\DNSAPI.dll
0x00007ffe688b0000 - 0x00007ffe688ba000 	C:\Windows\System32\rasadhlp.dll
0x00007ffe69e00000 - 0x00007ffe69e72000 	C:\WINDOWS\System32\fwpuclnt.dll
0x00007ffe664d0000 - 0x00007ffe664db000 	C:\Program Files\Java\jdk1.8.0_241\jre\bin\sunmscapi.dll
0x00007ffe7dca0000 - 0x00007ffe7de82000 	C:\WINDOWS\System32\CRYPT32.dll
0x00007ffe7db00000 - 0x00007ffe7db12000 	C:\WINDOWS\System32\MSASN1.dll

VM Arguments:
jvm_args: -Dclassworlds.conf=C:\Program Files\NetBeans-11.3\netbeans\java\maven\bin\m2.conf -Dmaven.home=C:\Program Files\NetBeans-11.3\netbeans\java\maven -Dmaven.multiModuleProjectDirectory=D:\_PROYECTOS_\Informatica\java\spring-boot-heroku 
java_command: org.codehaus.plexus.classworlds.launcher.Launcher -Dmaven.ext.class.path=C:\Program Files\NetBeans-11.3\netbeans\java\maven-nblib\netbeans-eventspy.jar install
java_class_path (initial): C:\Program Files\NetBeans-11.3\netbeans\java\maven\boot\plexus-classworlds-2.5.2.jar
Launcher Type: SUN_STANDARD

Environment Variables:
JAVA_HOME=C:\Program Files\Java\jdk1.8.0_241
PATH=C:\Program Files (x86)\Common Files\Oracle\Java\javapath;C:\WINDOWS\system32;C:\WINDOWS;C:\WINDOWS\System32\Wbem;C:\WINDOWS\System32\WindowsPowerShell\v1.0\;C:\CooCox\CoIDE\gcc\bin;C:\WINDOWS\System32\OpenSSH\;C:\Program Files\Git\cmd;C:\Program Files\nodejs\;C:\Users\Windows\AppData\Local\Microsoft\WindowsApps;;C:\Users\Windows\AppData\Local\Programs\Microsoft VS Code\bin;C:\Program Files\heroku\bin;C:\Users\Windows\AppData\Roaming\npm
USERNAME=Windows
OS=Windows_NT
PROCESSOR_IDENTIFIER=Intel64 Family 6 Model 55 Stepping 3, GenuineIntel



---------------  S Y S T E M  ---------------

OS: Windows 10.0 , 64 bit Build 17134 (10.0.17134.753)

CPU:total 4 (initial active 4) (4 cores per cpu, 1 threads per core) family 6 model 55 stepping 3, cmov, cx8, fxsr, mmx, sse, sse2, sse3, ssse3, sse4.1, sse4.2, popcnt, clmul, erms, 3dnowpref, tsc, tscinvbit

Memory: 4k page, physical 8266700k(1245252k free), swap 11236300k(5376k free)

vm_info: Java HotSpot(TM) 64-Bit Server VM (25.241-b07) for windows-amd64 JRE (1.8.0_241-b07), built on Dec 11 2019 10:21:40 by "rejava" with MS VC++ 10.0 (VS2010)

time: Mon Apr 06 23:16:39 2020
timezone: Hora estándar de Argentina
elapsed time: 222 seconds (0d 0h 3m 42s)

