#
# There is insufficient memory for the Java Runtime Environment to continue.
# Native memory allocation (malloc) failed to allocate 1048576 bytes for AllocateHeap
# Possible reasons:
#   The system is out of physical RAM or swap space
#   The process is running with CompressedOops enabled, and the Java Heap may be blocking the growth of the native heap
# Possible solutions:
#   Reduce memory load on the system
#   Increase physical memory or swap space
#   Check if swap backing store is full
#   Decrease Java heap size (-Xmx/-Xms)
#   Decrease number of Java threads
#   Decrease Java thread stack sizes (-Xss)
#   Set larger code cache with -XX:ReservedCodeCacheSize=
#   JVM is running with Unscaled Compressed Oops mode in which the Java heap is
#     placed in the first 4GB address space. The Java Heap base address is the
#     maximum limit for the native heap growth. Please use -XX:HeapBaseMinAddress
#     to set the Java Heap base and to place the Java Heap above 4GB virtual address.
# This output file may be truncated or incomplete.
#
#  Out of Memory Error (memory/allocation.inline.hpp:61), pid=18984, tid=0x0000000000000c38
#
# JRE version:  (8.0_241-b07) (build )
# Java VM: Java HotSpot(TM) 64-Bit Server VM (25.241-b07 mixed mode windows-amd64 compressed oops)
# Failed to write core dump. Minidumps are not enabled by default on client versions of Windows
#

---------------  T H R E A D  ---------------

Current thread (0x00000000028f2800):  JavaThread "Unknown thread" [_thread_in_vm, id=3128, stack(0x0000000002780000,0x0000000002880000)]

Stack: [0x0000000002780000,0x0000000002880000]
[error occurred during error reporting (printing stack bounds), id 0xc0000005]

Native frames: (J=compiled Java code, j=interpreted, Vv=VM code, C=native code)


---------------  P R O C E S S  ---------------

Java Threads: ( => current thread )

Other Threads:

=>0x00000000028f2800 (exited) JavaThread "Unknown thread" [_thread_in_vm, id=3128, stack(0x0000000002780000,0x0000000002880000)]

VM state:not at safepoint (normal execution)

VM Mutex/Monitor currently owned by a thread: None

heap address: 0x0000000081c00000, size: 2020 MB, Compressed Oops mode: 32-bit
Narrow klass base: 0x0000000000000000, Narrow klass shift: 3
Compressed class space size: 1073741824 Address: 0x0000000100000000

Heap:
 PSYoungGen      total 38400K, used 665K [0x00000000d5f00000, 0x00000000d8980000, 0x0000000100000000)
  eden space 33280K, 2% used [0x00000000d5f00000,0x00000000d5fa6670,0x00000000d7f80000)
  from space 5120K, 0% used [0x00000000d8480000,0x00000000d8480000,0x00000000d8980000)
  to   space 5120K, 0% used [0x00000000d7f80000,0x00000000d7f80000,0x00000000d8480000)
 ParOldGen       total 87552K, used 0K [0x0000000081c00000, 0x0000000087180000, 0x00000000d5f00000)
  object space 87552K, 0% used [0x0000000081c00000,0x0000000081c00000,0x0000000087180000)
 Metaspace       used 776K, capacity 4480K, committed 4480K, reserved 1056768K
  class space    used 76K, capacity 384K, committed 384K, reserved 1048576K

Card table byte_map: [0x0000000011db0000,0x00000000121b0000] byte_map_base: 0x00000000119a2000

Marking Bits: (ParMarkBitMap*) 0x00000000777fbe30
 Begin Bits: [0x0000000012860000, 0x00000000147f0000)
 End Bits:   [0x00000000147f0000, 0x0000000016780000)

Polling page: 0x0000000000a70000

CodeCache: size=245760Kb used=327Kb max_used=327Kb free=245432Kb
 bounds [0x00000000029f0000, 0x0000000002c60000, 0x00000000119f0000]
 total_blobs=57 nmethods=0 adapters=38
 compilation: enabled

Compilation events (0 events):
No events

GC Heap History (0 events):
No events

Deoptimization events (0 events):
No events

Classes redefined (0 events):
No events

Internal exceptions (0 events):
No events

Events (10 events):
Event: 0.137 loading class java/lang/Short
Event: 0.137 loading class java/lang/Short done
Event: 0.137 loading class java/lang/Integer
Event: 0.137 loading class java/lang/Integer done
Event: 0.137 loading class java/lang/Long
Event: 0.138 loading class java/lang/Long done
Event: 0.139 loading class java/lang/NullPointerException
Event: 0.140 loading class java/lang/NullPointerException done
Event: 0.140 loading class java/lang/ArithmeticException
Event: 0.140 loading class java/lang/ArithmeticException done


Dynamic libraries:
0x00007ff6362f0000 - 0x00007ff636327000 	C:\Program Files\Java\jdk1.8.0_241\bin\java.exe
0x00007ffe817e0000 - 0x00007ffe819c1000 	C:\WINDOWS\SYSTEM32\ntdll.dll
0x00007ffe811c0000 - 0x00007ffe81271000 	C:\WINDOWS\System32\KERNEL32.DLL
0x00007ffe7de90000 - 0x00007ffe7e103000 	C:\WINDOWS\System32\KERNELBASE.dll
0x00007ffe80600000 - 0x00007ffe806a1000 	C:\WINDOWS\System32\ADVAPI32.dll
0x00007ffe7f000000 - 0x00007ffe7f09e000 	C:\WINDOWS\System32\msvcrt.dll
0x00007ffe812e0000 - 0x00007ffe8133b000 	C:\WINDOWS\System32\sechost.dll
0x00007ffe80740000 - 0x00007ffe80864000 	C:\WINDOWS\System32\RPCRT4.dll
0x00007ffe7ec60000 - 0x00007ffe7edf0000 	C:\WINDOWS\System32\USER32.dll
0x00007ffe7eb90000 - 0x00007ffe7ebb0000 	C:\WINDOWS\System32\win32u.dll
0x00007ffe80ac0000 - 0x00007ffe80ae8000 	C:\WINDOWS\System32\GDI32.dll
0x00007ffe7e970000 - 0x00007ffe7eb01000 	C:\WINDOWS\System32\gdi32full.dll
0x00007ffe7e870000 - 0x00007ffe7e90f000 	C:\WINDOWS\System32\msvcp_win.dll
0x00007ffe7dba0000 - 0x00007ffe7dc98000 	C:\WINDOWS\System32\ucrtbase.dll
0x00007ffe63500000 - 0x00007ffe63769000 	C:\WINDOWS\WinSxS\amd64_microsoft.windows.common-controls_6595b64144ccf1df_6.0.17134.1365_none_d401d10f7c8e8b9b\COMCTL32.dll
0x00007ffe81340000 - 0x00007ffe81661000 	C:\WINDOWS\System32\combase.dll
0x00007ffe7eb10000 - 0x00007ffe7eb89000 	C:\WINDOWS\System32\bcryptPrimitives.dll
0x00007ffe806b0000 - 0x00007ffe806dd000 	C:\WINDOWS\System32\IMM32.DLL
0x0000000077f20000 - 0x0000000077ff2000 	C:\Program Files\Java\jdk1.8.0_241\jre\bin\msvcr100.dll
0x0000000076fd0000 - 0x000000007787c000 	C:\Program Files\Java\jdk1.8.0_241\jre\bin\server\jvm.dll
0x00007ffe80870000 - 0x00007ffe80878000 	C:\WINDOWS\System32\PSAPI.DLL
0x00007ffe666f0000 - 0x00007ffe666f9000 	C:\WINDOWS\SYSTEM32\WSOCK32.dll
0x00007ffe7b900000 - 0x00007ffe7b923000 	C:\WINDOWS\SYSTEM32\WINMM.dll
0x00007ffe81670000 - 0x00007ffe816dc000 	C:\WINDOWS\System32\WS2_32.dll
0x00007ffe76830000 - 0x00007ffe7683a000 	C:\WINDOWS\SYSTEM32\VERSION.dll
0x00007ffe7b8d0000 - 0x00007ffe7b8fa000 	C:\WINDOWS\SYSTEM32\WINMMBASE.dll
0x00007ffe7e820000 - 0x00007ffe7e869000 	C:\WINDOWS\System32\cfgmgr32.dll
0x00007ffe666e0000 - 0x00007ffe666ef000 	C:\Program Files\Java\jdk1.8.0_241\jre\bin\verify.dll
0x00007ffe64550000 - 0x00007ffe64579000 	C:\Program Files\Java\jdk1.8.0_241\jre\bin\java.dll
0x00007ffe63ca0000 - 0x00007ffe63cb6000 	C:\Program Files\Java\jdk1.8.0_241\jre\bin\zip.dll

VM Arguments:
jvm_args: -Dclassworlds.conf=C:\Program Files\NetBeans-11.3\netbeans\java\maven\bin\m2.conf -Dmaven.home=C:\Program Files\NetBeans-11.3\netbeans\java\maven -Dmaven.multiModuleProjectDirectory=D:\_PROYECTOS_\Informatica\java\spring-boot-heroku 
java_command: org.codehaus.plexus.classworlds.launcher.Launcher -Dmaven.ext.class.path=C:\Program Files\NetBeans-11.3\netbeans\java\maven-nblib\netbeans-eventspy.jar clean install
java_class_path (initial): C:\Program Files\NetBeans-11.3\netbeans\java\maven\boot\plexus-classworlds-2.5.2.jar
Launcher Type: SUN_STANDARD

Environment Variables:
JAVA_HOME=C:\Program Files\Java\jdk1.8.0_241
PATH=C:\Program Files (x86)\Common Files\Oracle\Java\javapath;C:\WINDOWS\system32;C:\WINDOWS;C:\WINDOWS\System32\Wbem;C:\WINDOWS\System32\WindowsPowerShell\v1.0\;C:\CooCox\CoIDE\gcc\bin;C:\WINDOWS\System32\OpenSSH\;C:\Program Files\Git\cmd;C:\Program Files\nodejs\;C:\Users\Windows\AppData\Local\Microsoft\WindowsApps;;C:\Users\Windows\AppData\Local\Programs\Microsoft VS Code\bin;C:\Program Files\heroku\bin;C:\Users\Windows\AppData\Roaming\npm
USERNAME=Windows
OS=Windows_NT
PROCESSOR_IDENTIFIER=Intel64 Family 6 Model 55 Stepping 3, GenuineIntel



---------------  S Y S T E M  ---------------

OS: Windows 10.0 , 64 bit Build 17134 (10.0.17134.753)

CPU:total 4 (initial active 4) (4 cores per cpu, 1 threads per core) family 6 model 55 stepping 3, cmov, cx8, fxsr, mmx, sse, sse2, sse3, ssse3, sse4.1, sse4.2, popcnt, clmul, erms, 3dnowpref, tsc, tscinvbit

Memory: 4k page, physical 8266700k(1270768k free), swap 11051980k(4540k free)

vm_info: Java HotSpot(TM) 64-Bit Server VM (25.241-b07) for windows-amd64 JRE (1.8.0_241-b07), built on Dec 11 2019 10:21:40 by "rejava" with MS VC++ 10.0 (VS2010)

time: Mon Apr 06 23:08:23 2020
timezone: Hora estándar de Argentina
elapsed time: 2 seconds (0d 0h 0m 2s)

